#
# A fatal error has been detected by the Java Runtime Environment:
#
#  EXCEPTION_ACCESS_VIOLATION (0xc0000005) at pc=0x00000000680b73d0, pid=8524, tid=0x0000000000001900
#
# JRE version: OpenJDK Runtime Environment (8.0_112-b06) (build 1.8.0_112-release-b06)
# Java VM: OpenJDK 64-Bit Server VM (25.112-b06 mixed mode windows-amd64 compressed oops)
# Problematic frame:
# V  [jvm.dll+0x4f73d0]
#
# Failed to write core dump. Minidumps are not enabled by default on client versions of Windows
#
# If you would like to submit a bug report, please visit:
#   http://bugreport.java.com/bugreport/crash.jsp
#

---------------  T H R E A D  ---------------

Current thread (0x000000001bfb6800):  JavaThread "C2 CompilerThread0" daemon [_thread_in_native, id=6400, stack(0x000000001d170000,0x000000001d270000)]

siginfo: ExceptionCode=0xc0000005, reading address 0x0000000000000086

Registers:
RAX=0x00000000681f5598, RBX=0x0000000000000076, RCX=0x000000001bfd48a0, RDX=0x0000000000000018
RSP=0x000000001d26d9b0, RBP=0x000000001bfd48a0, RSI=0x0000000000000000, RDI=0x000000001bfd48a0
R8 =0x000000001bfd48a0, R9 =0x0000000000000076, R10=0x000000001bfd4830, R11=0x000000001bfd48a0
R12=0x000000001eabe410, R13=0x000000000000002d, R14=0x000000001e556308, R15=0x000000001eabe500
RIP=0x00000000680b73d0, EFLAGS=0x0000000000010297

Top of Stack: (sp=0x000000001d26d9b0)
0x000000001d26d9b0:   000000001c01c000 000000006807f27f
0x000000001d26d9c0:   000000001c01c000 0000000000000000
0x000000001d26d9d0:   0000000000000000 00000000680bb535
0x000000001d26d9e0:   0000000000000001 0000000067fed54f
0x000000001d26d9f0:   000000000000002d 000000001e556308
0x000000001d26da00:   000000001d26df90 00000000680be0d3
0x000000001d26da10:   0000000000000168 000000001bfd48a0
0x000000001d26da20:   000000001d26df90 000000001bfd48a0
0x000000001d26da30:   000000001bfd48a0 0000000067feac31
0x000000001d26da40:   0000000000000160 000000001bfd48a0
0x000000001d26da50:   000000001d26df90 000000001eabe5d0
0x000000001d26da60:   000000001eabe5d0 000000001eabe410
0x000000001d26da70:   000000001d26df90 000000001d26db40
0x000000001d26da80:   000000001ec94674 000000001d73af98
0x000000001d26da90:   000000000000253b 0000000068097c1b
0x000000001d26daa0:   000000001bfd48a0 000000001d26df90 

Instructions: (pc=0x00000000680b73d0)
0x00000000680b73b0:   8b c1 48 83 c4 28 c3 8b 51 10 83 fa 02 75 08 49
0x00000000680b73c0:   8b c1 48 83 c4 28 c3 83 fa 1f 0f 84 bd 00 00 00
0x00000000680b73d0:   45 8b 51 10 41 8d 42 ff 83 f8 1e 0f 87 96 00 00
0x00000000680b73e0:   00 4c 8d 1d 18 8c b0 ff 48 98 41 8b 8c 83 9c 74 


Register to memory mapping:

RAX=0x00000000681f5598 is an unknown value
RBX=0x0000000000000076 is an unknown value
RCX=0x000000001bfd48a0 is an unknown value
RDX=0x0000000000000018 is an unknown value
RSP=0x000000001d26d9b0 is pointing into the stack for thread: 0x000000001bfb6800
RBP=0x000000001bfd48a0 is an unknown value
RSI=0x0000000000000000 is an unknown value
RDI=0x000000001bfd48a0 is an unknown value
R8 =0x000000001bfd48a0 is an unknown value
R9 =0x0000000000000076 is an unknown value
R10=0x000000001bfd4830 is an unknown value
R11=0x000000001bfd48a0 is an unknown value
R12=0x000000001eabe410 is an unknown value
R13=0x000000000000002d is an unknown value
R14=0x000000001e556308 is an unknown value
R15=0x000000001eabe500 is an unknown value


Stack: [0x000000001d170000,0x000000001d270000],  sp=0x000000001d26d9b0,  free space=1014k
Native frames: (J=compiled Java code, j=interpreted, Vv=VM code, C=native code)
V  [jvm.dll+0x4f73d0]
V  [jvm.dll+0x4fb535]
V  [jvm.dll+0x4fe0d3]
V  [jvm.dll+0x42ac31]
V  [jvm.dll+0x4d7c1b]
V  [jvm.dll+0x4596ba]
V  [jvm.dll+0x4c74e2]
V  [jvm.dll+0x4cb252]
V  [jvm.dll+0x424150]
V  [jvm.dll+0x43fce5]
V  [jvm.dll+0x423242]
V  [jvm.dll+0x80b29]
V  [jvm.dll+0x8145f]
V  [jvm.dll+0x21be7f]
V  [jvm.dll+0x26c13a]
C  [msvcr100.dll+0x21d9f]
C  [msvcr100.dll+0x21e3b]
C  [kernel32.dll+0x159cd]
C  [ntdll.dll+0x2a561]


Current CompileTask:
C2:   5728 2116   !   4       com.android.dx.cf.code.RopperMachine::run (1550 bytes)


---------------  P R O C E S S  ---------------

Java Threads: ( => current thread )
  0x000000001d69a800 JavaThread "pool-2-thread-4" [_thread_blocked, id=768, stack(0x000000001e0c0000,0x000000001e1c0000)]
  0x000000001d687000 JavaThread "pool-2-thread-3" [_thread_blocked, id=7660, stack(0x000000001dee0000,0x000000001dfe0000)]
  0x000000001d59e000 JavaThread "pool-2-thread-2" [_thread_blocked, id=8032, stack(0x000000001d060000,0x000000001d160000)]
  0x000000001d592800 JavaThread "pool-3-thread-1" [_thread_blocked, id=7120, stack(0x000000001dcf0000,0x000000001ddf0000)]
  0x000000001d592000 JavaThread "pool-2-thread-1" [_thread_in_Java, id=2484, stack(0x000000001dbb0000,0x000000001dcb0000)]
  0x000000001c01a800 JavaThread "Service Thread" daemon [_thread_blocked, id=3064, stack(0x000000001d900000,0x000000001da00000)]
  0x000000001c016000 JavaThread "C1 CompilerThread1" daemon [_thread_blocked, id=3172, stack(0x000000001d390000,0x000000001d490000)]
=>0x000000001bfb6800 JavaThread "C2 CompilerThread0" daemon [_thread_in_native, id=6400, stack(0x000000001d170000,0x000000001d270000)]
  0x000000001bfb4800 JavaThread "Attach Listener" daemon [_thread_blocked, id=9184, stack(0x000000001cf60000,0x000000001d060000)]
  0x000000001bfc3000 JavaThread "Signal Dispatcher" daemon [_thread_blocked, id=8464, stack(0x000000001ce60000,0x000000001cf60000)]
  0x000000001bf9e800 JavaThread "Finalizer" daemon [_thread_blocked, id=8380, stack(0x000000001cd20000,0x000000001ce20000)]
  0x000000001bf55000 JavaThread "Reference Handler" daemon [_thread_blocked, id=8564, stack(0x000000001cb00000,0x000000001cc00000)]
  0x00000000023ce000 JavaThread "main" [_thread_blocked, id=932, stack(0x0000000002460000,0x0000000002560000)]

Other Threads:
  0x000000001bf4b000 VMThread [stack: 0x000000001c9b0000,0x000000001cab0000] [id=6580]
  0x000000001d491000 WatcherThread [stack: 0x000000001da00000,0x000000001db00000] [id=4896]

VM state:not at safepoint (normal execution)

VM Mutex/Monitor currently owned by a thread: None

Heap:
 PSYoungGen      total 284160K, used 141688K [0x000000076ab00000, 0x000000077ee00000, 0x00000007c0000000)
  eden space 256000K, 44% used [0x000000076ab00000,0x00000007719e53a8,0x000000077a500000)
  from space 28160K, 99% used [0x000000077c680000,0x000000077e1f8f00,0x000000077e200000)
  to   space 34304K, 0% used [0x000000077a500000,0x000000077a500000,0x000000077c680000)
 ParOldGen       total 86016K, used 59065K [0x00000006c0000000, 0x00000006c5400000, 0x000000076ab00000)
  object space 86016K, 68% used [0x00000006c0000000,0x00000006c39ae400,0x00000006c5400000)
 Metaspace       used 6092K, capacity 7152K, committed 7296K, reserved 1056768K
  class space    used 565K, capacity 616K, committed 640K, reserved 1048576K

Card table byte_map: [0x0000000011c80000,0x0000000012490000] byte_map_base: 0x000000000e680000

Marking Bits: (ParMarkBitMap*) 0x00000000683818f0
 Begin Bits: [0x0000000012e20000, 0x0000000016e20000)
 End Bits:   [0x0000000016e20000, 0x000000001ae20000)

Polling page: 0x0000000001b90000

CodeCache: size=245760Kb used=9381Kb max_used=9381Kb free=236378Kb
 bounds [0x00000000028c0000, 0x0000000003200000, 0x00000000118c0000]
 total_blobs=2332 nmethods=2071 adapters=175
 compilation: enabled

Compilation events (10 events):
Event: 5.666 Thread 0x000000001c016000 2118       3       com.android.dx.ssa.back.FirstFitLocalCombiningAllocator::findNextUnreservedRopReg (68 bytes)
Event: 5.667 Thread 0x000000001c016000 nmethod 2118 0x00000000031e2110 code [0x00000000031e22c0, 0x00000000031e27c8]
Event: 5.667 Thread 0x000000001c016000 2119       3       com.android.dx.cf.code.BasicBlocker::visitLocal (34 bytes)
Event: 5.667 Thread 0x000000001c016000 nmethod 2119 0x00000000031de350 code [0x00000000031de500, 0x00000000031deb48]
Event: 5.667 Thread 0x000000001c016000 2121       3       com.android.dx.cf.direct.AttributeListParser::getList (9 bytes)
Event: 5.667 Thread 0x000000001c016000 nmethod 2121 0x000000000316b9d0 code [0x000000000316bb40, 0x000000000316bd88]
Event: 5.669 Thread 0x000000001c016000 2123       3       com.android.dx.ssa.SsaRenamer$BlockRenamer::visitNonMoveInsn (14 bytes)
Event: 5.669 Thread 0x000000001c016000 nmethod 2123 0x00000000031dde90 code [0x00000000031de000, 0x00000000031de258]
Event: 5.674 Thread 0x000000001c016000 2126       3       java.util.concurrent.locks.AbstractQueuedSynchronizer::isOnSyncQueue (33 bytes)
Event: 5.674 Thread 0x000000001c016000 nmethod 2126 0x00000000031e1a90 code [0x00000000031e1c00, 0x00000000031e1fb0]

GC Heap History (10 events):
Event: 1.449 GC heap before
{Heap before GC invocations=2 (full 0):
 PSYoungGen      total 37888K, used 37867K [0x000000076ab00000, 0x000000076f500000, 0x00000007c0000000)
  eden space 32768K, 100% used [0x000000076ab00000,0x000000076cb00000,0x000000076cb00000)
  from space 5120K, 99% used [0x000000076cb00000,0x000000076cffae10,0x000000076d000000)
  to   space 5120K, 0% used [0x000000076f000000,0x000000076f000000,0x000000076f500000)
 ParOldGen       total 86016K, used 2295K [0x00000006c0000000, 0x00000006c5400000, 0x000000076ab00000)
  object space 86016K, 2% used [0x00000006c0000000,0x00000006c023dc30,0x00000006c5400000)
 Metaspace       used 5817K, capacity 6960K, committed 7040K, reserved 1056768K
  class space    used 562K, capacity 616K, committed 640K, reserved 1048576K
Event: 1.469 GC heap after
Heap after GC invocations=2 (full 0):
 PSYoungGen      total 70656K, used 5099K [0x000000076ab00000, 0x000000076f500000, 0x00000007c0000000)
  eden space 65536K, 0% used [0x000000076ab00000,0x000000076ab00000,0x000000076eb00000)
  from space 5120K, 99% used [0x000000076f000000,0x000000076f4fae30,0x000000076f500000)
  to   space 5120K, 0% used [0x000000076eb00000,0x000000076eb00000,0x000000076f000000)
 ParOldGen       total 86016K, used 12473K [0x00000006c0000000, 0x00000006c5400000, 0x000000076ab00000)
  object space 86016K, 14% used [0x00000006c0000000,0x00000006c0c2e7b0,0x00000006c5400000)
 Metaspace       used 5817K, capacity 6960K, committed 7040K, reserved 1056768K
  class space    used 562K, capacity 616K, committed 640K, reserved 1048576K
}
Event: 1.915 GC heap before
{Heap before GC invocations=3 (full 0):
 PSYoungGen      total 70656K, used 70635K [0x000000076ab00000, 0x000000076f500000, 0x00000007c0000000)
  eden space 65536K, 100% used [0x000000076ab00000,0x000000076eb00000,0x000000076eb00000)
  from space 5120K, 99% used [0x000000076f000000,0x000000076f4fae30,0x000000076f500000)
  to   space 5120K, 0% used [0x000000076eb00000,0x000000076eb00000,0x000000076f000000)
 ParOldGen       total 86016K, used 12473K [0x00000006c0000000, 0x00000006c5400000, 0x000000076ab00000)
  object space 86016K, 14% used [0x00000006c0000000,0x00000006c0c2e7b0,0x00000006c5400000)
 Metaspace       used 5849K, capacity 7024K, committed 7296K, reserved 1056768K
  class space    used 563K, capacity 616K, committed 640K, reserved 1048576K
Event: 1.943 GC heap after
Heap after GC invocations=3 (full 0):
 PSYoungGen      total 70656K, used 5090K [0x000000076ab00000, 0x0000000773500000, 0x00000007c0000000)
  eden space 65536K, 0% used [0x000000076ab00000,0x000000076ab00000,0x000000076eb00000)
  from space 5120K, 99% used [0x000000076eb00000,0x000000076eff8b70,0x000000076f000000)
  to   space 5120K, 0% used [0x0000000773000000,0x0000000773000000,0x0000000773500000)
 ParOldGen       total 86016K, used 25163K [0x00000006c0000000, 0x00000006c5400000, 0x000000076ab00000)
  object space 86016K, 29% used [0x00000006c0000000,0x00000006c1892e28,0x00000006c5400000)
 Metaspace       used 5849K, capacity 7024K, committed 7296K, reserved 1056768K
  class space    used 563K, capacity 616K, committed 640K, reserved 1048576K
}
Event: 2.518 GC heap before
{Heap before GC invocations=4 (full 0):
 PSYoungGen      total 70656K, used 70626K [0x000000076ab00000, 0x0000000773500000, 0x00000007c0000000)
  eden space 65536K, 100% used [0x000000076ab00000,0x000000076eb00000,0x000000076eb00000)
  from space 5120K, 99% used [0x000000076eb00000,0x000000076eff8b70,0x000000076f000000)
  to   space 5120K, 0% used [0x0000000773000000,0x0000000773000000,0x0000000773500000)
 ParOldGen       total 86016K, used 25163K [0x00000006c0000000, 0x00000006c5400000, 0x000000076ab00000)
  object space 86016K, 29% used [0x00000006c0000000,0x00000006c1892e28,0x00000006c5400000)
 Metaspace       used 5939K, capacity 7088K, committed 7296K, reserved 1056768K
  class space    used 563K, capacity 616K, committed 640K, reserved 1048576K
Event: 2.572 GC heap after
Heap after GC invocations=4 (full 0):
 PSYoungGen      total 136192K, used 5095K [0x000000076ab00000, 0x0000000773500000, 0x00000007c0000000)
  eden space 131072K, 0% used [0x000000076ab00000,0x000000076ab00000,0x0000000772b00000)
  from space 5120K, 99% used [0x0000000773000000,0x00000007734f9d80,0x0000000773500000)
  to   space 5120K, 0% used [0x0000000772b00000,0x0000000772b00000,0x0000000773000000)
 ParOldGen       total 86016K, used 37354K [0x00000006c0000000, 0x00000006c5400000, 0x000000076ab00000)
  object space 86016K, 43% used [0x00000006c0000000,0x00000006c247a830,0x00000006c5400000)
 Metaspace       used 5939K, capacity 7088K, committed 7296K, reserved 1056768K
  class space    used 563K, capacity 616K, committed 640K, reserved 1048576K
}
Event: 3.784 GC heap before
{Heap before GC invocations=5 (full 0):
 PSYoungGen      total 136192K, used 136167K [0x000000076ab00000, 0x0000000773500000, 0x00000007c0000000)
  eden space 131072K, 100% used [0x000000076ab00000,0x0000000772b00000,0x0000000772b00000)
  from space 5120K, 99% used [0x0000000773000000,0x00000007734f9d80,0x0000000773500000)
  to   space 5120K, 0% used [0x0000000772b00000,0x0000000772b00000,0x0000000773000000)
 ParOldGen       total 86016K, used 37354K [0x00000006c0000000, 0x00000006c5400000, 0x000000076ab00000)
  object space 86016K, 43% used [0x00000006c0000000,0x00000006c247a830,0x00000006c5400000)
 Metaspace       used 5984K, capacity 7088K, committed 7296K, reserved 1056768K
  class space    used 563K, capacity 616K, committed 640K, reserved 1048576K
Event: 3.828 GC heap after
Heap after GC invocations=5 (full 0):
 PSYoungGen      total 136192K, used 5096K [0x000000076ab00000, 0x000000077e200000, 0x00000007c0000000)
  eden space 131072K, 0% used [0x000000076ab00000,0x000000076ab00000,0x0000000772b00000)
  from space 5120K, 99% used [0x0000000772b00000,0x0000000772ffa248,0x0000000773000000)
  to   space 28160K, 0% used [0x000000077c680000,0x000000077c680000,0x000000077e200000)
 ParOldGen       total 86016K, used 56471K [0x00000006c0000000, 0x00000006c5400000, 0x000000076ab00000)
  object space 86016K, 65% used [0x00000006c0000000,0x00000006c3725c28,0x00000006c5400000)
 Metaspace       used 5984K, capacity 7088K, committed 7296K, reserved 1056768K
  class space    used 563K, capacity 616K, committed 640K, reserved 1048576K
}
Event: 4.746 GC heap before
{Heap before GC invocations=6 (full 0):
 PSYoungGen      total 136192K, used 136168K [0x000000076ab00000, 0x000000077e200000, 0x00000007c0000000)
  eden space 131072K, 100% used [0x000000076ab00000,0x0000000772b00000,0x0000000772b00000)
  from space 5120K, 99% used [0x0000000772b00000,0x0000000772ffa248,0x0000000773000000)
  to   space 28160K, 0% used [0x000000077c680000,0x000000077c680000,0x000000077e200000)
 ParOldGen       total 86016K, used 56471K [0x00000006c0000000, 0x00000006c5400000, 0x000000076ab00000)
  object space 86016K, 65% used [0x00000006c0000000,0x00000006c3725c28,0x00000006c5400000)
 Metaspace       used 6071K, capacity 7152K, committed 7296K, reserved 1056768K
  class space    used 564K, capacity 616K, committed 640K, reserved 1048576K
Event: 4.840 GC heap after
Heap after GC invocations=6 (full 0):
 PSYoungGen      total 284160K, used 28131K [0x000000076ab00000, 0x000000077ee00000, 0x00000007c0000000)
  eden space 256000K, 0% used [0x000000076ab00000,0x000000076ab00000,0x000000077a500000)
  from space 28160K, 99% used [0x000000077c680000,0x000000077e1f8f00,0x000000077e200000)
  to   space 34304K, 0% used [0x000000077a500000,0x000000077a500000,0x000000077c680000)
 ParOldGen       total 86016K, used 59065K [0x00000006c0000000, 0x00000006c5400000, 0x000000076ab00000)
  object space 86016K, 68% used [0x00000006c0000000,0x00000006c39ae400,0x00000006c5400000)
 Metaspace       used 6071K, capacity 7152K, committed 7296K, reserved 1056768K
  class space    used 564K, capacity 616K, committed 640K, reserved 1048576K
}

Deoptimization events (10 events):
Event: 3.908 Thread 0x000000001d592000 Uncommon trap: reason=unstable_if action=reinterpret pc=0x0000000002e79678 method=com.android.dx.ssa.SCCP.simulateBranch(Lcom/android/dx/ssa/SsaInsn;)V @ 64
Event: 3.908 Thread 0x000000001d592000 Uncommon trap: reason=unloaded action=reinterpret pc=0x0000000002ef21e8 method=com.android.dx.ssa.LiteralOpUpgrader$1.visitNonMoveInsn(Lcom/android/dx/ssa/NormalSsaInsn;)V @ 72
Event: 3.908 Thread 0x000000001d592000 Uncommon trap: reason=unstable_if action=reinterpret pc=0x0000000002d1fa1c method=com.android.dx.ssa.SsaMethod.updateOneDefinition(Lcom/android/dx/ssa/SsaInsn;Lcom/android/dx/rop/code/RegisterSpec;)V @ 4
Event: 4.138 Thread 0x000000001d69a800 Uncommon trap: reason=unstable_if action=reinterpret pc=0x0000000002f5d860 method=com.android.dx.rop.code.LocalVariableInfo.mergeStarts(ILcom/android/dx/rop/code/RegisterSpecSet;)Z @ 56
Event: 4.141 Thread 0x000000001d69a800 Uncommon trap: reason=unstable_if action=reinterpret pc=0x0000000002e5e250 method=com.android.dx.ssa.SsaRenamer$BlockRenamer.addMapping(ILcom/android/dx/rop/code/RegisterSpec;)V @ 120
Event: 4.141 Thread 0x000000001d69a800 Uncommon trap: reason=class_check action=maybe_recompile pc=0x00000000030a7b88 method=com.android.dx.ssa.SCCP.setLatticeValueTo(IILcom/android/dx/rop/cst/Constant;)Z @ 43
Event: 4.141 Thread 0x000000001d69a800 Uncommon trap: reason=class_check action=maybe_recompile pc=0x00000000030a7b88 method=com.android.dx.ssa.SCCP.setLatticeValueTo(IILcom/android/dx/rop/cst/Constant;)Z @ 43
Event: 4.144 Thread 0x000000001d69a800 Uncommon trap: reason=class_check action=maybe_recompile pc=0x00000000030a7b88 method=com.android.dx.ssa.SCCP.setLatticeValueTo(IILcom/android/dx/rop/cst/Constant;)Z @ 43
Event: 4.144 Thread 0x000000001d69a800 Uncommon trap: reason=class_check action=maybe_recompile pc=0x00000000030a7b88 method=com.android.dx.ssa.SCCP.setLatticeValueTo(IILcom/android/dx/rop/cst/Constant;)Z @ 43
Event: 5.129 Thread 0x000000001d59e000 Uncommon trap: reason=unstable_if action=reinterpret pc=0x0000000002f48a50 method=com.android.dx.ssa.SsaRenamer$BlockRenamer.addMapping(ILcom/android/dx/rop/code/RegisterSpec;)V @ 120

Internal exceptions (4 events):
Event: 0.072 Thread 0x00000000023ce000 Exception <a 'java/lang/NoSuchMethodError': Method sun.misc.Unsafe.defineClass(Ljava/lang/String;[BII)Ljava/lang/Class; name or signature does not match> (0x000000076ab07c78) thrown at [C:\src\android\AOSP-openjdk\external\jetbrains\jdk\hotspot\src\share\vkÃ‘ úV≤?
Event: 0.072 Thread 0x00000000023ce000 Exception <a 'java/lang/NoSuchMethodError': Method sun.misc.Unsafe.prefetchRead(Ljava/lang/Object;J)V name or signature does not match> (0x000000076ab07f60) thrown at [C:\src\android\AOSP-openjdk\external\jetbrains\jdk\hotspot\src\share\vm\prims\jni.cpp, l¢ùÓ„)êÌ?
Event: 0.924 Thread 0x000000001d687000 Implicit null exception at 0x0000000002bb6262 to 0x0000000002bb635a
Event: 2.218 Thread 0x000000001d687000 Implicit null exception at 0x0000000002e3f494 to 0x0000000002e401e9

Events (10 events):
Event: 5.194 Thread 0x000000001d59e000 DEOPT PACKING pc=0x0000000002df29c9 sp=0x000000001d15e860
Event: 5.194 Thread 0x000000001d59e000 DEOPT UNPACKING pc=0x00000000029071bf sp=0x000000001d15e690 mode 0
Event: 5.248 Thread 0x000000001d59e000 DEOPT PACKING pc=0x0000000002d4cb67 sp=0x000000001d15e7c0
Event: 5.248 Thread 0x000000001d59e000 DEOPT UNPACKING pc=0x00000000029071bf sp=0x000000001d15e570 mode 0
Event: 5.274 Thread 0x000000001d59e000 DEOPT PACKING pc=0x000000000304f292 sp=0x000000001d15e910
Event: 5.274 Thread 0x000000001d59e000 DEOPT UNPACKING pc=0x00000000029071bf sp=0x000000001d15e670 mode 0
Event: 5.539 Thread 0x000000001d59e000 DEOPT PACKING pc=0x0000000002d163c1 sp=0x000000001d15ebc0
Event: 5.539 Thread 0x000000001d59e000 DEOPT UNPACKING pc=0x00000000029071bf sp=0x000000001d15e910 mode 0
Event: 5.671 loading class com/android/dx/rop/code/RegisterSpec$1
Event: 5.671 loading class com/android/dx/rop/code/RegisterSpec$1 done


Dynamic libraries:
0x000000013f550000 - 0x000000013f581000 	C:\Program Files\Android\Android Studio\jre\bin\java.exe
0x00000000771e0000 - 0x000000007738a000 	C:\Windows\SYSTEM32\ntdll.dll
0x0000000076fc0000 - 0x00000000770df000 	C:\Windows\system32\kernel32.dll
0x000007fefd490000 - 0x000007fefd4fa000 	C:\Windows\system32\KERNELBASE.dll
0x000007fefd500000 - 0x000007fefd5db000 	C:\Windows\system32\ADVAPI32.dll
0x000007fefeee0000 - 0x000007fefef7f000 	C:\Windows\system32\msvcrt.dll
0x000007fefe900000 - 0x000007fefe91f000 	C:\Windows\SYSTEM32\sechost.dll
0x000007fefd660000 - 0x000007fefd78d000 	C:\Windows\system32\RPCRT4.dll
0x00000000770e0000 - 0x00000000771da000 	C:\Windows\system32\USER32.dll
0x000007fefea50000 - 0x000007fefeab7000 	C:\Windows\system32\GDI32.dll
0x000007fefeed0000 - 0x000007fefeede000 	C:\Windows\system32\LPK.dll
0x000007feff110000 - 0x000007feff1da000 	C:\Windows\system32\USP10.dll
0x000007fefbd90000 - 0x000007fefbf84000 	C:\Windows\WinSxS\amd64_microsoft.windows.common-controls_6595b64144ccf1df_6.0.7601.17514_none_fa396087175ac9ac\COMCTL32.dll
0x000007fefef80000 - 0x000007fefeff1000 	C:\Windows\system32\SHLWAPI.dll
0x000007fefecc0000 - 0x000007fefecee000 	C:\Windows\system32\IMM32.DLL
0x000007feff000000 - 0x000007feff109000 	C:\Windows\system32\MSCTF.dll
0x000007fef3bb0000 - 0x000007fef3c5f000 	C:\Program Files\McAfee\Endpoint Security\Threat Prevention\Ips\EpMPApi.dll
0x000007fefd2a0000 - 0x000007fefd2da000 	C:\Windows\system32\WINTRUST.dll
0x000007fefd2e0000 - 0x000007fefd447000 	C:\Windows\system32\CRYPT32.dll
0x000007fefd1d0000 - 0x000007fefd1df000 	C:\Windows\system32\MSASN1.dll
0x0000000071d50000 - 0x0000000071d5c000 	C:\Program Files\McAfee\Endpoint Security\Threat Prevention\Ips\EpMPThe.dll
0x0000000068510000 - 0x00000000685e2000 	C:\Program Files\Android\Android Studio\jre\jre\bin\msvcr100.dll
0x0000000067bc0000 - 0x00000000683fc000 	C:\Program Files\Android\Android Studio\jre\jre\bin\server\jvm.dll
0x000007fef90d0000 - 0x000007fef90d9000 	C:\Windows\system32\WSOCK32.dll
0x000007feff1e0000 - 0x000007feff22d000 	C:\Windows\system32\WS2_32.dll
0x000007feff2d0000 - 0x000007feff2d8000 	C:\Windows\system32\NSI.dll
0x000007fefab70000 - 0x000007fefabab000 	C:\Windows\system32\WINMM.dll
0x000007fefc280000 - 0x000007fefc28c000 	C:\Windows\system32\VERSION.dll
0x00000000773b0000 - 0x00000000773b7000 	C:\Windows\system32\PSAPI.DLL
0x000007fef56d0000 - 0x000007fef56df000 	C:\Program Files\Android\Android Studio\jre\jre\bin\verify.dll
0x000007fef1eb0000 - 0x000007fef1ed9000 	C:\Program Files\Android\Android Studio\jre\jre\bin\java.dll
0x000007fef1ef0000 - 0x000007fef1f06000 	C:\Program Files\Android\Android Studio\jre\jre\bin\zip.dll
0x000007fefdb70000 - 0x000007fefe8f8000 	C:\Windows\system32\SHELL32.dll
0x000007feff2e0000 - 0x000007feff4e3000 	C:\Windows\system32\ole32.dll
0x000007fefd130000 - 0x000007fefd13f000 	C:\Windows\system32\profapi.dll
0x000007fef8c90000 - 0x000007fef8db5000 	C:\Windows\system32\dbghelp.dll

VM Arguments:
jvm_args: -Djava.awt.headless=true -Xmx4g -Dfile.encoding=windows-1252 -Duser.country=US -Duser.language=en -Duser.variant 
java_command: com.android.dx.command.Main --dex --verbose --force-jumbo --num-threads=4 --multi-dex --output D:\Strike Tec latest code\Android-Mobile-App-V1-dev\Android-Mobile-App-V1-dev\StrikeTec\app\build\intermediates\transforms\dex\debug\folders\1000\5\slice_7 D:\Strike Tec latest code\Android-Mobile-App-V1-dev\Android-Mobile-App-V1-dev\StrikeTec\app\build\intermediates\transforms\instantRunSlicer\debug\folders\1\5\slice_7
java_class_path (initial): C:\Users\rakeshk2\AppData\Local\Android\Sdk\build-tools\25.0.3\lib\dx.jar
Launcher Type: SUN_STANDARD

Environment Variables:
JAVA_HOME=C:\Program Files\Java\jdk1.8.0_131
PATH=C:\ProgramData\Oracle\Java\javapath;C:\Windows\system32;C:\Windows;C:\Windows\System32\Wbem;C:\Windows\System32\WindowsPowerShell\v1.0\;C:\Program Files\TortoiseSVN\bin;C:\Program Files\Git\cmd;C:\Program Files\nodejs\;C:\Program Files\Java\jdk1.8.0_131\bin;ANDROID_HOME%\tools;JAVA_HOME%\bin;C:\Users\rakeshk2\AppData\Roaming\npm;
USERNAME=rakeshk2
OS=Windows_NT
PROCESSOR_IDENTIFIER=Intel64 Family 6 Model 58 Stepping 9, GenuineIntel



---------------  S Y S T E M  ---------------

OS: Windows 7 , 64 bit Build 7601 (6.1.7601.23677)

CPU:total 2 (2 cores per cpu, 1 threads per core) family 6 model 58 stepping 9, cmov, cx8, fxsr, mmx, sse, sse2, sse3, ssse3, sse4.1, sse4.2, popcnt, clmul, erms, tsc, tscinvbit, tscinv

Memory: 4k page, physical 8204916k(2008448k free), swap 16407972k(9689384k free)

vm_info: OpenJDK 64-Bit Server VM (25.112-b06) for windows-amd64 JRE (1.8.0_112-release-b06), built on Dec  8 2016 00:54:26 by "builder" with MS VC++ 10.0 (VS2010)

time: Tue Oct 31 17:50:20 2017
elapsed time: 5 seconds (0d 0h 0m 5s)

