#
# A fatal error has been detected by the Java Runtime Environment:
#
#  EXCEPTION_ACCESS_VIOLATION (0xc0000005) at pc=0x000000006809d407, pid=8556, tid=0x0000000000001d18
#
# JRE version: OpenJDK Runtime Environment (8.0_112-b06) (build 1.8.0_112-release-b06)
# Java VM: OpenJDK 64-Bit Server VM (25.112-b06 mixed mode windows-amd64 compressed oops)
# Problematic frame:
# V  [jvm.dll+0x4dd407]
#
# Failed to write core dump. Minidumps are not enabled by default on client versions of Windows
#
# If you would like to submit a bug report, please visit:
#   http://bugreport.java.com/bugreport/crash.jsp
#

---------------  T H R E A D  ---------------

Current thread (0x000000001c072800):  JavaThread "C2 CompilerThread0" daemon [_thread_in_native, id=7448, stack(0x000000001ce00000,0x000000001cf00000)]

siginfo: ExceptionCode=0xc0000005, reading address 0x00000001bf86cb50

Registers:
RAX=0x000000001ea64b10, RBX=0x0000000000000014, RCX=0x0000000068382010, RDX=0x0000000000000017
RSP=0x000000001cefc010, RBP=0x000000001cefc110, RSI=0x0000000000000005, RDI=0x000000001f005b60
R8 =0x00000000000000b8, R9 =0x0000000068382010, R10=0x0000000000000002, R11=0x0000000000000014
R12=0x000000001f005b70, R13=0x0000000000000005, R14=0x000000001cefc700, R15=0x000000001e498f68
RIP=0x000000006809d407, EFLAGS=0x0000000000010283

Top of Stack: (sp=0x000000001cefc010)
0x000000001cefc010:   00000000683507e8 0000000000000019
0x000000001cefc020:   0000000000000019 000000001cefc110
0x000000001cefc030:   000000000000064a 000000006802ac0c
0x000000001cefc040:   0000000000000000 000000000001f020
0x000000001cefc050:   000000001cefeac0 00000000000002ea
0x000000001cefc060:   0000000000000005 000000001f005b60
0x000000001cefc070:   0000000000000002 0000000000000002
0x000000001cefc080:   0000000000000000 0000000200000005
0x000000001cefc090:   0000062b00000000 000000001cefc3e0
0x000000001cefc0a0:   000000000000000f 000000001e751940
0x000000001cefc0b0:   0000000068382010 0000062b00000005
0x000000001cefc0c0:   000000001cefc3e0 000000000000000f
0x000000001cefc0d0:   000000001e750090 0000000000000334
0x000000001cefc0e0:   000000001fb87de0 000000001d801470
0x000000001cefc0f0:   ffffffffe0b0b280 00000000000003d8
0x000000001cefc100:   000000001d801848 000000001d801460 

Instructions: (pc=0x000000006809d407)
0x000000006809d3e7:   8b fe 4c 8b b5 80 02 00 00 49 63 4f 28 45 8b 4f
0x000000006809d3f7:   18 49 8b 86 28 01 00 00 4c 89 7d 18 44 89 4d a0
0x000000006809d407:   44 8b 04 88 41 0f b6 47 2c 24 0f 44 89 45 00 3c
0x000000006809d417:   0c 0f 85 b3 00 00 00 45 3b 86 e8 00 00 00 0f 83 


Register to memory mapping:

RAX=0x000000001ea64b10 is an unknown value
RBX=0x0000000000000014 is an unknown value
RCX=0x0000000068382010 is an unknown value
RDX=0x0000000000000017 is an unknown value
RSP=0x000000001cefc010 is pointing into the stack for thread: 0x000000001c072800
RBP=0x000000001cefc110 is pointing into the stack for thread: 0x000000001c072800
RSI=0x0000000000000005 is an unknown value
RDI=0x000000001f005b60 is an unknown value
R8 =0x00000000000000b8 is an unknown value
R9 =0x0000000068382010 is an unknown value
R10=0x0000000000000002 is an unknown value
R11=0x0000000000000014 is an unknown value
R12=0x000000001f005b70 is an unknown value
R13=0x0000000000000005 is an unknown value
R14=0x000000001cefc700 is pointing into the stack for thread: 0x000000001c072800
R15=0x000000001e498f68 is an unknown value


Stack: [0x000000001ce00000,0x000000001cf00000],  sp=0x000000001cefc010,  free space=1008k
Native frames: (J=compiled Java code, j=interpreted, Vv=VM code, C=native code)
V  [jvm.dll+0x4dd407]
V  [jvm.dll+0x432b72]
V  [jvm.dll+0x43d6bb]
V  [jvm.dll+0x43ff8e]
V  [jvm.dll+0x423242]
V  [jvm.dll+0x80b29]
V  [jvm.dll+0x8145f]
V  [jvm.dll+0x21be7f]
V  [jvm.dll+0x26c13a]
C  [msvcr100.dll+0x21d9f]
C  [msvcr100.dll+0x21e3b]
C  [kernel32.dll+0x159cd]
C  [ntdll.dll+0x2a561]


Current CompileTask:
C2:   7425 1950       4       com.android.dx.rop.code.LocalVariableInfo::mergeStarts (75 bytes)


---------------  P R O C E S S  ---------------

Java Threads: ( => current thread )
  0x000000001da66800 JavaThread "pool-2-thread-4" [_thread_blocked, id=8088, stack(0x000000001cbe0000,0x000000001cce0000)]
  0x000000001da5f800 JavaThread "pool-2-thread-3" [_thread_blocked, id=5456, stack(0x000000001dd20000,0x000000001de20000)]
  0x000000001da5a800 JavaThread "pool-2-thread-2" [_thread_blocked, id=7544, stack(0x000000001de50000,0x000000001df50000)]
  0x000000001da57800 JavaThread "pool-3-thread-1" [_thread_blocked, id=7852, stack(0x000000001dc00000,0x000000001dd00000)]
  0x000000001da57000 JavaThread "pool-2-thread-1" [_thread_blocked, id=152, stack(0x000000001c9a0000,0x000000001caa0000)]
  0x000000001c0d6000 JavaThread "Service Thread" daemon [_thread_blocked, id=1640, stack(0x000000001d580000,0x000000001d680000)]
  0x000000001c0d2000 JavaThread "C1 CompilerThread1" daemon [_thread_blocked, id=5880, stack(0x000000001d400000,0x000000001d500000)]
=>0x000000001c072800 JavaThread "C2 CompilerThread0" daemon [_thread_in_native, id=7448, stack(0x000000001ce00000,0x000000001cf00000)]
  0x000000001c070800 JavaThread "Attach Listener" daemon [_thread_blocked, id=8760, stack(0x000000001d250000,0x000000001d350000)]
  0x000000001c081000 JavaThread "Signal Dispatcher" daemon [_thread_blocked, id=8544, stack(0x000000001d0a0000,0x000000001d1a0000)]
  0x000000001c05c000 JavaThread "Finalizer" daemon [_thread_blocked, id=8600, stack(0x000000001cf00000,0x000000001d000000)]
  0x000000001c013000 JavaThread "Reference Handler" daemon [_thread_blocked, id=2096, stack(0x000000001cce0000,0x000000001cde0000)]
  0x00000000003de000 JavaThread "main" [_thread_blocked, id=7404, stack(0x00000000025c0000,0x00000000026c0000)]

Other Threads:
  0x000000001c00b000 VMThread [stack: 0x000000001cac0000,0x000000001cbc0000] [id=2472]
  0x000000001c0d7800 WatcherThread [stack: 0x000000001d700000,0x000000001d800000] [id=7556]

VM state:not at safepoint (normal execution)

VM Mutex/Monitor currently owned by a thread: None

Heap:
 PSYoungGen      total 70656K, used 29385K [0x000000076ab00000, 0x0000000774a00000, 0x00000007c0000000)
  eden space 65536K, 37% used [0x000000076ab00000,0x000000076c2b86b8,0x000000076eb00000)
  from space 5120K, 99% used [0x000000076eb00000,0x000000076eff9da8,0x000000076f000000)
  to   space 15872K, 0% used [0x0000000773a80000,0x0000000773a80000,0x0000000774a00000)
 ParOldGen       total 86016K, used 23274K [0x00000006c0000000, 0x00000006c5400000, 0x000000076ab00000)
  object space 86016K, 27% used [0x00000006c0000000,0x00000006c16ba9f8,0x00000006c5400000)
 Metaspace       used 6439K, capacity 7154K, committed 7296K, reserved 1056768K
  class space    used 591K, capacity 618K, committed 640K, reserved 1048576K

Card table byte_map: [0x0000000011d50000,0x0000000012560000] byte_map_base: 0x000000000e750000

Marking Bits: (ParMarkBitMap*) 0x00000000683818f0
 Begin Bits: [0x0000000012ee0000, 0x0000000016ee0000)
 End Bits:   [0x0000000016ee0000, 0x000000001aee0000)

Polling page: 0x0000000000370000

CodeCache: size=245760Kb used=8368Kb max_used=8368Kb free=237391Kb
 bounds [0x0000000002990000, 0x00000000031d0000, 0x0000000011990000]
 total_blobs=2160 nmethods=1893 adapters=182
 compilation: enabled

Compilation events (10 events):
Event: 7.366 Thread 0x000000001c0d2000 nmethod 1948 0x0000000003174c90 code [0x0000000003174de0, 0x0000000003174ef0]
Event: 7.366 Thread 0x000000001c0d2000 1949   !   3       com.android.dx.rop.code.RegisterSpec::intern (70 bytes)
Event: 7.367 Thread 0x000000001c072800 1950       4       com.android.dx.rop.code.LocalVariableInfo::mergeStarts (75 bytes)
Event: 7.367 Thread 0x000000001c0d2000 nmethod 1949 0x0000000003176e10 code [0x0000000003177040, 0x0000000003177d48]
Event: 7.379 Thread 0x000000001c0d2000 1955   !   3       com.android.dx.rop.cst.CstType::intern (48 bytes)
Event: 7.380 Thread 0x000000001c0d2000 nmethod 1955 0x000000000313e350 code [0x000000000313e560, 0x000000000313f188]
Event: 7.390 Thread 0x000000001c0d2000 1964 %     3       com.android.dx.ssa.back.FirstFitLocalCombiningAllocator::handleLocalAssociatedOther @ 54 (151 bytes)
Event: 7.391 Thread 0x000000001c0d2000 nmethod 1964% 0x00000000031bd950 code [0x00000000031bdbe0, 0x00000000031bedf8]
Event: 7.391 Thread 0x000000001c0d2000 1965       3       com.android.dx.ssa.back.FirstFitLocalCombiningAllocator::handleLocalAssociatedOther (151 bytes)
Event: 7.392 Thread 0x000000001c0d2000 nmethod 1965 0x00000000031c2f10 code [0x00000000031c31a0, 0x00000000031c4258]

GC Heap History (10 events):
Event: 1.210 GC heap before
{Heap before GC invocations=1 (full 0):
 PSYoungGen      total 37888K, used 32768K [0x000000076ab00000, 0x000000076d500000, 0x00000007c0000000)
  eden space 32768K, 100% used [0x000000076ab00000,0x000000076cb00000,0x000000076cb00000)
  from space 5120K, 0% used [0x000000076d000000,0x000000076d000000,0x000000076d500000)
  to   space 5120K, 0% used [0x000000076cb00000,0x000000076cb00000,0x000000076d000000)
 ParOldGen       total 86016K, used 0K [0x00000006c0000000, 0x00000006c5400000, 0x000000076ab00000)
  object space 86016K, 0% used [0x00000006c0000000,0x00000006c0000000,0x00000006c5400000)
 Metaspace       used 5946K, capacity 6896K, committed 7040K, reserved 1056768K
  class space    used 570K, capacity 616K, committed 640K, reserved 1048576K
Event: 1.219 GC heap after
Heap after GC invocations=1 (full 0):
 PSYoungGen      total 37888K, used 5092K [0x000000076ab00000, 0x000000076d500000, 0x00000007c0000000)
  eden space 32768K, 0% used [0x000000076ab00000,0x000000076ab00000,0x000000076cb00000)
  from space 5120K, 99% used [0x000000076cb00000,0x000000076cff9380,0x000000076d000000)
  to   space 5120K, 0% used [0x000000076d000000,0x000000076d000000,0x000000076d500000)
 ParOldGen       total 86016K, used 618K [0x00000006c0000000, 0x00000006c5400000, 0x000000076ab00000)
  object space 86016K, 0% used [0x00000006c0000000,0x00000006c009a930,0x00000006c5400000)
 Metaspace       used 5946K, capacity 6896K, committed 7040K, reserved 1056768K
  class space    used 570K, capacity 616K, committed 640K, reserved 1048576K
}
Event: 1.634 GC heap before
{Heap before GC invocations=2 (full 0):
 PSYoungGen      total 37888K, used 37860K [0x000000076ab00000, 0x000000076d500000, 0x00000007c0000000)
  eden space 32768K, 100% used [0x000000076ab00000,0x000000076cb00000,0x000000076cb00000)
  from space 5120K, 99% used [0x000000076cb00000,0x000000076cff9380,0x000000076d000000)
  to   space 5120K, 0% used [0x000000076d000000,0x000000076d000000,0x000000076d500000)
 ParOldGen       total 86016K, used 618K [0x00000006c0000000, 0x00000006c5400000, 0x000000076ab00000)
  object space 86016K, 0% used [0x00000006c0000000,0x00000006c009a930,0x00000006c5400000)
 Metaspace       used 6128K, capacity 7024K, committed 7296K, reserved 1056768K
  class space    used 571K, capacity 616K, committed 640K, reserved 1048576K
Event: 1.702 GC heap after
Heap after GC invocations=2 (full 0):
 PSYoungGen      total 37888K, used 5117K [0x000000076ab00000, 0x000000076f500000, 0x00000007c0000000)
  eden space 32768K, 0% used [0x000000076ab00000,0x000000076ab00000,0x000000076cb00000)
  from space 5120K, 99% used [0x000000076d000000,0x000000076d4ff5c0,0x000000076d500000)
  to   space 5120K, 0% used [0x000000076cb00000,0x000000076cb00000,0x000000076d000000)
 ParOldGen       total 86016K, used 4127K [0x00000006c0000000, 0x00000006c5400000, 0x000000076ab00000)
  object space 86016K, 4% used [0x00000006c0000000,0x00000006c0407c78,0x00000006c5400000)
 Metaspace       used 6128K, capacity 7024K, committed 7296K, reserved 1056768K
  class space    used 571K, capacity 616K, committed 640K, reserved 1048576K
}
Event: 2.219 GC heap before
{Heap before GC invocations=3 (full 0):
 PSYoungGen      total 37888K, used 37885K [0x000000076ab00000, 0x000000076f500000, 0x00000007c0000000)
  eden space 32768K, 100% used [0x000000076ab00000,0x000000076cb00000,0x000000076cb00000)
  from space 5120K, 99% used [0x000000076d000000,0x000000076d4ff5c0,0x000000076d500000)
  to   space 5120K, 0% used [0x000000076cb00000,0x000000076cb00000,0x000000076d000000)
 ParOldGen       total 86016K, used 4127K [0x00000006c0000000, 0x00000006c5400000, 0x000000076ab00000)
  object space 86016K, 4% used [0x00000006c0000000,0x00000006c0407c78,0x00000006c5400000)
 Metaspace       used 6148K, capacity 7024K, committed 7296K, reserved 1056768K
  class space    used 571K, capacity 616K, committed 640K, reserved 1048576K
Event: 2.234 GC heap after
Heap after GC invocations=3 (full 0):
 PSYoungGen      total 37888K, used 5088K [0x000000076ab00000, 0x000000076f500000, 0x00000007c0000000)
  eden space 32768K, 0% used [0x000000076ab00000,0x000000076ab00000,0x000000076cb00000)
  from space 5120K, 99% used [0x000000076cb00000,0x000000076cff8028,0x000000076d000000)
  to   space 5120K, 0% used [0x000000076f000000,0x000000076f000000,0x000000076f500000)
 ParOldGen       total 86016K, used 8413K [0x00000006c0000000, 0x00000006c5400000, 0x000000076ab00000)
  object space 86016K, 9% used [0x00000006c0000000,0x00000006c0837600,0x00000006c5400000)
 Metaspace       used 6148K, capacity 7024K, committed 7296K, reserved 1056768K
  class space    used 571K, capacity 616K, committed 640K, reserved 1048576K
}
Event: 2.789 GC heap before
{Heap before GC invocations=4 (full 0):
 PSYoungGen      total 37888K, used 37856K [0x000000076ab00000, 0x000000076f500000, 0x00000007c0000000)
  eden space 32768K, 100% used [0x000000076ab00000,0x000000076cb00000,0x000000076cb00000)
  from space 5120K, 99% used [0x000000076cb00000,0x000000076cff8028,0x000000076d000000)
  to   space 5120K, 0% used [0x000000076f000000,0x000000076f000000,0x000000076f500000)
 ParOldGen       total 86016K, used 8413K [0x00000006c0000000, 0x00000006c5400000, 0x000000076ab00000)
  object space 86016K, 9% used [0x00000006c0000000,0x00000006c0837600,0x00000006c5400000)
 Metaspace       used 6212K, capacity 7088K, committed 7296K, reserved 1056768K
  class space    used 573K, capacity 616K, committed 640K, reserved 1048576K
Event: 2.864 GC heap after
Heap after GC invocations=4 (full 0):
 PSYoungGen      total 70656K, used 5089K [0x000000076ab00000, 0x000000076f500000, 0x00000007c0000000)
  eden space 65536K, 0% used [0x000000076ab00000,0x000000076ab00000,0x000000076eb00000)
  from space 5120K, 99% used [0x000000076f000000,0x000000076f4f86e0,0x000000076f500000)
  to   space 5120K, 0% used [0x000000076eb00000,0x000000076eb00000,0x000000076f000000)
 ParOldGen       total 86016K, used 13417K [0x00000006c0000000, 0x00000006c5400000, 0x000000076ab00000)
  object space 86016K, 15% used [0x00000006c0000000,0x00000006c0d1a778,0x00000006c5400000)
 Metaspace       used 6212K, capacity 7088K, committed 7296K, reserved 1056768K
  class space    used 573K, capacity 616K, committed 640K, reserved 1048576K
}
Event: 3.931 GC heap before
{Heap before GC invocations=5 (full 0):
 PSYoungGen      total 70656K, used 70625K [0x000000076ab00000, 0x000000076f500000, 0x00000007c0000000)
  eden space 65536K, 100% used [0x000000076ab00000,0x000000076eb00000,0x000000076eb00000)
  from space 5120K, 99% used [0x000000076f000000,0x000000076f4f86e0,0x000000076f500000)
  to   space 5120K, 0% used [0x000000076eb00000,0x000000076eb00000,0x000000076f000000)
 ParOldGen       total 86016K, used 13417K [0x00000006c0000000, 0x00000006c5400000, 0x000000076ab00000)
  object space 86016K, 15% used [0x00000006c0000000,0x00000006c0d1a778,0x00000006c5400000)
 Metaspace       used 6390K, capacity 7090K, committed 7296K, reserved 1056768K
  class space    used 591K, capacity 618K, committed 640K, reserved 1048576K
Event: 4.010 GC heap after
Heap after GC invocations=5 (full 0):
 PSYoungGen      total 70656K, used 5095K [0x000000076ab00000, 0x0000000774a00000, 0x00000007c0000000)
  eden space 65536K, 0% used [0x000000076ab00000,0x000000076ab00000,0x000000076eb00000)
  from space 5120K, 99% used [0x000000076eb00000,0x000000076eff9da8,0x000000076f000000)
  to   space 15872K, 0% used [0x0000000773a80000,0x0000000773a80000,0x0000000774a00000)
 ParOldGen       total 86016K, used 23274K [0x00000006c0000000, 0x00000006c5400000, 0x000000076ab00000)
  object space 86016K, 27% used [0x00000006c0000000,0x00000006c16ba9f8,0x00000006c5400000)
 Metaspace       used 6390K, capacity 7090K, committed 7296K, reserved 1056768K
  class space    used 591K, capacity 618K, committed 640K, reserved 1048576K
}

Deoptimization events (10 events):
Event: 0.808 Thread 0x000000001da5f800 Uncommon trap: reason=class_check action=maybe_recompile pc=0x0000000002cb22e8 method=com.android.dx.ssa.NormalSsaInsn.accept(Lcom/android/dx/ssa/SsaInsn$Visitor;)V @ 9
Event: 0.808 Thread 0x000000001da5f800 Uncommon trap: reason=class_check action=maybe_recompile pc=0x0000000002cb22e8 method=com.android.dx.ssa.NormalSsaInsn.accept(Lcom/android/dx/ssa/SsaInsn$Visitor;)V @ 9
Event: 0.808 Thread 0x000000001da5f800 Uncommon trap: reason=class_check action=maybe_recompile pc=0x0000000002cb22e8 method=com.android.dx.ssa.NormalSsaInsn.accept(Lcom/android/dx/ssa/SsaInsn$Visitor;)V @ 9
Event: 1.130 Thread 0x000000001da66800 Uncommon trap: reason=null_check action=make_not_entrant pc=0x0000000002cd3e1c method=com.android.dx.ssa.SsaRenamer.getLocalForNewReg(I)Lcom/android/dx/rop/code/LocalItem; @ 19
Event: 1.513 Thread 0x000000001da5f800 Uncommon trap: reason=unstable_if action=reinterpret pc=0x0000000002bec71c method=com.android.dx.rop.cst.Constant.compareTo(Lcom/android/dx/rop/cst/Constant;)I @ 12
Event: 1.934 Thread 0x000000001da57000 Uncommon trap: reason=unstable_if action=reinterpret pc=0x0000000002dfa08c method=com.android.dx.util.IntList.binarysearch(I)I @ 105
Event: 1.936 Thread 0x000000001da57000 Uncommon trap: reason=unstable_if action=reinterpret pc=0x0000000002f0db18 method=com.android.dx.ssa.MoveParamCombiner$1.visitNonMoveInsn(Lcom/android/dx/ssa/NormalSsaInsn;)V @ 27
Event: 3.404 Thread 0x000000001da5a800 Uncommon trap: reason=unstable_if action=reinterpret pc=0x0000000002e9646c method=java.util.HashMap.putVal(ILjava/lang/Object;Ljava/lang/Object;ZZ)Ljava/lang/Object; @ 162
Event: 3.407 Thread 0x000000001da5a800 Uncommon trap: reason=unstable_if action=reinterpret pc=0x0000000002cc3e6c method=java.util.HashMap.getNode(ILjava/lang/Object;)Ljava/util/HashMap$Node; @ 84
Event: 3.413 Thread 0x000000001da66800 Uncommon trap: reason=unstable_if action=reinterpret pc=0x0000000002e0ae64 method=java.util.HashMap.putVal(ILjava/lang/Object;Ljava/lang/Object;ZZ)Ljava/lang/Object; @ 162

Internal exceptions (6 events):
Event: 0.105 Thread 0x00000000003de000 Exception <a 'java/lang/NoSuchMethodError': Method sun.misc.Unsafe.defineClass(Ljava/lang/String;[BII)Ljava/lang/Class; name or signature does not match> (0x000000076ab07c78) thrown at [C:\src\android\AOSP-openjdk\external\jetbrains\jdk\hotspot\src\share\vÔW√÷*·∫?
Event: 0.105 Thread 0x00000000003de000 Exception <a 'java/lang/NoSuchMethodError': Method sun.misc.Unsafe.prefetchRead(Ljava/lang/Object;J)V name or signature does not match> (0x000000076ab07f60) thrown at [C:\src\android\AOSP-openjdk\external\jetbrains\jdk\hotspot\src\share\vm\prims\jni.cpp, lµ-Ø!Ú?
Event: 1.130 Thread 0x000000001da66800 Implicit null exception at 0x0000000002cd1b36 to 0x0000000002cd3df5
Event: 3.405 Thread 0x000000001da5a800 Exception <a 'java/lang/ArrayIndexOutOfBoundsException': 18> (0x000000076e345130) thrown at [C:\src\android\AOSP-openjdk\external\jetbrains\jdk\hotspot\src\share\vm\interpreter\interpreterRuntime.cpp, line 366]
Event: 3.405 Thread 0x000000001da5a800 Exception <a 'java/lang/ArrayIndexOutOfBoundsException': 145> (0x000000076e346cb0) thrown at [C:\src\android\AOSP-openjdk\external\jetbrains\jdk\hotspot\src\share\vm\interpreter\interpreterRuntime.cpp, line 366]
Event: 3.406 Thread 0x000000001da5a800 Exception <a 'java/lang/ArrayIndexOutOfBoundsException'> (0x000000076e347f98) thrown at [C:\src\android\AOSP-openjdk\external\jetbrains\jdk\hotspot\src\share\vm\runtime\sharedRuntime.cpp, line 605]

Events (10 events):
Event: 3.413 Thread 0x000000001da66800 DEOPT PACKING pc=0x0000000002e0ae64 sp=0x000000001ccde550
Event: 3.413 Thread 0x000000001da66800 DEOPT UNPACKING pc=0x00000000029d556a sp=0x000000001ccde4d8 mode 2
Event: 3.931 Executing VM operation: ParallelGCFailedAllocation
Event: 4.010 Executing VM operation: ParallelGCFailedAllocation done
Event: 4.289 Executing VM operation: EnableBiasedLocking
Event: 4.289 Executing VM operation: EnableBiasedLocking done
Event: 5.365 Thread 0x00000000003de000 DEOPT PACKING pc=0x0000000002ffada8 sp=0x00000000026bee00
Event: 5.365 Thread 0x00000000003de000 DEOPT UNPACKING pc=0x00000000029d71bf sp=0x00000000026beac8 mode 0
Event: 7.392 Thread 0x000000001da57000 DEOPT PACKING pc=0x0000000002e7d09b sp=0x000000001ca9ecf0
Event: 7.392 Thread 0x000000001da57000 DEOPT UNPACKING pc=0x00000000029d71bf sp=0x000000001ca9ea60 mode 0


Dynamic libraries:
0x000000013f550000 - 0x000000013f581000 	C:\Program Files\Android\Android Studio\jre\bin\java.exe
0x00000000771e0000 - 0x000000007738a000 	C:\Windows\SYSTEM32\ntdll.dll
0x0000000076fc0000 - 0x00000000770df000 	C:\Windows\system32\kernel32.dll
0x000007fefd490000 - 0x000007fefd4fa000 	C:\Windows\system32\KERNELBASE.dll
0x000007fefd500000 - 0x000007fefd5db000 	C:\Windows\system32\ADVAPI32.dll
0x000007fefeee0000 - 0x000007fefef7f000 	C:\Windows\system32\msvcrt.dll
0x000007fefe900000 - 0x000007fefe91f000 	C:\Windows\SYSTEM32\sechost.dll
0x000007fefd660000 - 0x000007fefd78d000 	C:\Windows\system32\RPCRT4.dll
0x00000000770e0000 - 0x00000000771da000 	C:\Windows\system32\USER32.dll
0x000007fefea50000 - 0x000007fefeab7000 	C:\Windows\system32\GDI32.dll
0x000007fefeed0000 - 0x000007fefeede000 	C:\Windows\system32\LPK.dll
0x000007feff110000 - 0x000007feff1da000 	C:\Windows\system32\USP10.dll
0x000007fefbd90000 - 0x000007fefbf84000 	C:\Windows\WinSxS\amd64_microsoft.windows.common-controls_6595b64144ccf1df_6.0.7601.17514_none_fa396087175ac9ac\COMCTL32.dll
0x000007fefef80000 - 0x000007fefeff1000 	C:\Windows\system32\SHLWAPI.dll
0x000007fefecc0000 - 0x000007fefecee000 	C:\Windows\system32\IMM32.DLL
0x000007feff000000 - 0x000007feff109000 	C:\Windows\system32\MSCTF.dll
0x000007fef3bb0000 - 0x000007fef3c5f000 	C:\Program Files\McAfee\Endpoint Security\Threat Prevention\Ips\EpMPApi.dll
0x000007fefd2a0000 - 0x000007fefd2da000 	C:\Windows\system32\WINTRUST.dll
0x000007fefd2e0000 - 0x000007fefd447000 	C:\Windows\system32\CRYPT32.dll
0x000007fefd1d0000 - 0x000007fefd1df000 	C:\Windows\system32\MSASN1.dll
0x0000000071d50000 - 0x0000000071d5c000 	C:\Program Files\McAfee\Endpoint Security\Threat Prevention\Ips\EpMPThe.dll
0x0000000068510000 - 0x00000000685e2000 	C:\Program Files\Android\Android Studio\jre\jre\bin\msvcr100.dll
0x0000000067bc0000 - 0x00000000683fc000 	C:\Program Files\Android\Android Studio\jre\jre\bin\server\jvm.dll
0x000007fef90d0000 - 0x000007fef90d9000 	C:\Windows\system32\WSOCK32.dll
0x000007feff1e0000 - 0x000007feff22d000 	C:\Windows\system32\WS2_32.dll
0x000007feff2d0000 - 0x000007feff2d8000 	C:\Windows\system32\NSI.dll
0x000007fefab70000 - 0x000007fefabab000 	C:\Windows\system32\WINMM.dll
0x000007fefc280000 - 0x000007fefc28c000 	C:\Windows\system32\VERSION.dll
0x00000000773b0000 - 0x00000000773b7000 	C:\Windows\system32\PSAPI.DLL
0x000007fef56d0000 - 0x000007fef56df000 	C:\Program Files\Android\Android Studio\jre\jre\bin\verify.dll
0x000007fef1eb0000 - 0x000007fef1ed9000 	C:\Program Files\Android\Android Studio\jre\jre\bin\java.dll
0x000007fef1ef0000 - 0x000007fef1f06000 	C:\Program Files\Android\Android Studio\jre\jre\bin\zip.dll
0x000007fefdb70000 - 0x000007fefe8f8000 	C:\Windows\system32\SHELL32.dll
0x000007feff2e0000 - 0x000007feff4e3000 	C:\Windows\system32\ole32.dll
0x000007fefd130000 - 0x000007fefd13f000 	C:\Windows\system32\profapi.dll
0x000007fef8c90000 - 0x000007fef8db5000 	C:\Windows\system32\dbghelp.dll

VM Arguments:
jvm_args: -Djava.awt.headless=true -Xmx4g -Dfile.encoding=windows-1252 -Duser.country=US -Duser.language=en -Duser.variant 
java_command: com.android.dx.command.Main --dex --verbose --force-jumbo --num-threads=4 --multi-dex --output D:\Strike Tec latest code\Android-Mobile-App-V1-dev\Android-Mobile-App-V1-dev\StrikeTec\app\build\intermediates\transforms\dex\debug\folders\1000\2\commons-collections-3.2.1_b405c52864073bc75b3b977e8ccad2e8055188af D:\Strike Tec latest code\Android-Mobile-App-V1-dev\Android-Mobile-App-V1-dev\StrikeTec\app\libs\commons-collections-3.2.1.jar
java_class_path (initial): C:\Users\rakeshk2\AppData\Local\Android\Sdk\build-tools\25.0.3\lib\dx.jar
Launcher Type: SUN_STANDARD

Environment Variables:
JAVA_HOME=C:\Program Files\Java\jdk1.8.0_131
PATH=C:\ProgramData\Oracle\Java\javapath;C:\Windows\system32;C:\Windows;C:\Windows\System32\Wbem;C:\Windows\System32\WindowsPowerShell\v1.0\;C:\Program Files\TortoiseSVN\bin;C:\Program Files\Git\cmd;C:\Program Files\nodejs\;C:\Program Files\Java\jdk1.8.0_131\bin;ANDROID_HOME%\tools;JAVA_HOME%\bin;C:\Users\rakeshk2\AppData\Roaming\npm;
USERNAME=rakeshk2
OS=Windows_NT
PROCESSOR_IDENTIFIER=Intel64 Family 6 Model 58 Stepping 9, GenuineIntel



---------------  S Y S T E M  ---------------

OS: Windows 7 , 64 bit Build 7601 (6.1.7601.23677)

CPU:total 2 (2 cores per cpu, 1 threads per core) family 6 model 58 stepping 9, cmov, cx8, fxsr, mmx, sse, sse2, sse3, ssse3, sse4.1, sse4.2, popcnt, clmul, erms, tsc, tscinvbit, tscinv

Memory: 4k page, physical 8204916k(2046380k free), swap 16407972k(9516372k free)

vm_info: OpenJDK 64-Bit Server VM (25.112-b06) for windows-amd64 JRE (1.8.0_112-release-b06), built on Dec  8 2016 00:54:26 by "builder" with MS VC++ 10.0 (VS2010)

time: Tue Oct 31 17:50:49 2017
elapsed time: 7 seconds (0d 0h 0m 7s)

